<?xml version="1.0" encoding="UTF-8"?>
<!-- Generated by org.testng.reporters.JUnitReportReporter -->
<testsuite hostname="MacBookPro.attlocal.net" failures="0" tests="1" name="com.testng.training.NewTest1" time="0.001" errors="0" timestamp="2024-09-09T16:08:11 CDT" skipped="0">
  <testcase classname="com.testng.training.NewTest1" name="test" time="0.001"/>
  <system-out/>
</testsuite> <!-- com.testng.training.NewTest1 -->
